TN:
SF:src/App.jsx
FN:38,App
FNF:1
FNH:0
FNDA:0,App
DA:10,0
DA:39,0
LF:2
LH:0
BRF:0
BRH:0
end_of_record
TN:
SF:src/main.jsx
FNF:0
FNH:0
DA:7,0
LF:1
LH:0
BRF:0
BRH:0
end_of_record
TN:
SF:src/components/CreateTransaction.tsx
FN:6,(anonymous_0)
FN:20,(anonymous_1)
FN:28,(anonymous_2)
FN:78,(anonymous_3)
FNF:4
FNH:0
FNDA:0,(anonymous_0)
FNDA:0,(anonymous_1)
FNDA:0,(anonymous_2)
FNDA:0,(anonymous_3)
DA:6,0
DA:7,0
DA:8,0
DA:9,0
DA:11,0
DA:20,0
DA:21,0
DA:22,0
DA:28,0
DA:29,0
DA:31,0
DA:37,0
DA:38,0
DA:41,0
DA:42,0
DA:44,0
DA:46,0
DA:52,0
DA:55,0
DA:79,0
LF:20
LH:0
BRDA:31,0,0,0
BRDA:31,0,1,0
BRDA:32,1,0,0
BRDA:32,1,1,0
BRDA:32,1,2,0
BRDA:32,1,3,0
BRDA:41,2,0,0
BRDA:41,2,1,0
BRF:8
BRH:0
end_of_record
TN:
SF:src/components/EditExpense.jsx
FN:6,(anonymous_0)
FN:19,(anonymous_1)
FN:20,(anonymous_2)
FN:33,(anonymous_3)
FN:40,(anonymous_4)
FN:85,(anonymous_5)
FNF:6
FNH:0
FNDA:0,(anonymous_0)
FNDA:0,(anonymous_1)
FNDA:0,(anonymous_2)
FNDA:0,(anonymous_3)
FNDA:0,(anonymous_4)
FNDA:0,(anonymous_5)
DA:6,0
DA:7,0
DA:8,0
DA:9,0
DA:10,0
DA:12,0
DA:19,0
DA:20,0
DA:21,0
DA:22,0
DA:29,0
DA:33,0
DA:34,0
DA:35,0
DA:40,0
DA:41,0
DA:43,0
DA:51,0
DA:52,0
DA:53,0
DA:54,0
DA:56,0
DA:59,0
DA:86,0
LF:24
LH:0
BRDA:21,0,0,0
BRDA:21,0,1,0
BRDA:51,1,0,0
BRDA:51,1,1,0
BRF:4
BRH:0
end_of_record
TN:
SF:src/components/SearchBar.tsx
FN:8,(anonymous_0)
FN:12,(anonymous_1)
FNF:2
FNH:2
FNDA:3,(anonymous_0)
FNDA:1,(anonymous_1)
DA:8,2
DA:12,3
DA:13,1
DA:14,1
DA:17,3
LF:5
LH:5
BRF:0
BRH:0
end_of_record
TN:
SF:src/components/SortingDropDown.tsx
FN:8,(anonymous_0)
FN:12,(anonymous_1)
FNF:2
FNH:2
FNDA:4,(anonymous_0)
FNDA:1,(anonymous_1)
DA:8,2
DA:12,4
DA:13,1
DA:16,4
LF:4
LH:4
BRF:0
BRH:0
end_of_record
TN:
SF:src/components/Transaction.jsx
FN:6,(anonymous_0)
FN:8,(anonymous_1)
FN:12,(anonymous_2)
FN:13,(anonymous_3)
FN:14,(anonymous_4)
FNF:5
FNH:0
FNDA:0,(anonymous_0)
FNDA:0,(anonymous_1)
FNDA:0,(anonymous_2)
FNDA:0,(anonymous_3)
FNDA:0,(anonymous_4)
DA:6,1
DA:7,0
DA:8,0
DA:9,0
DA:13,0
DA:14,0
DA:18,0
LF:7
LH:1
BRDA:28,0,0,0
BRDA:28,0,1,0
BRF:2
BRH:0
end_of_record
TN:
SF:src/context/CategoriesProvider.tsx
FN:13,useCategories
FN:21,(anonymous_1)
FN:24,(anonymous_2)
FN:26,(anonymous_3)
FN:32,(anonymous_4)
FN:36,(anonymous_5)
FNF:6
FNH:0
FNDA:0,useCategories
FNDA:0,(anonymous_1)
FNDA:0,(anonymous_2)
FNDA:0,(anonymous_3)
FNDA:0,(anonymous_4)
FNDA:0,(anonymous_5)
DA:8,0
DA:14,0
DA:15,0
DA:16,0
DA:18,0
DA:21,0
DA:22,0
DA:24,0
DA:25,0
DA:27,0
DA:28,0
DA:30,0
DA:33,0
DA:37,0
DA:40,0
LF:15
LH:0
BRDA:15,0,0,0
BRDA:15,0,1,0
BRDA:27,1,0,0
BRDA:27,1,1,0
BRF:4
BRH:0
end_of_record
TN:
SF:src/context/TransactionProvider.tsx
FN:20,useTransaction
FN:28,(anonymous_1)
FN:31,(anonymous_2)
FN:35,(anonymous_3)
FN:43,(anonymous_4)
FN:45,(anonymous_5)
FN:51,(anonymous_6)
FN:54,(anonymous_7)
FN:59,(anonymous_8)
FN:76,(anonymous_9)
FNF:10
FNH:1
FNDA:3,useTransaction
FNDA:0,(anonymous_1)
FNDA:0,(anonymous_2)
FNDA:0,(anonymous_3)
FNDA:0,(anonymous_4)
FNDA:0,(anonymous_5)
FNDA:0,(anonymous_6)
FNDA:0,(anonymous_7)
FNDA:0,(anonymous_8)
FNDA:0,(anonymous_9)
DA:10,2
DA:21,3
DA:22,3
DA:23,0
DA:25,3
DA:28,2
DA:29,0
DA:31,0
DA:32,0
DA:35,0
DA:36,0
DA:37,0
DA:39,0
DA:43,0
DA:44,0
DA:46,0
DA:47,0
DA:49,0
DA:52,0
DA:55,0
DA:59,0
DA:62,0
DA:63,0
DA:71,0
DA:72,0
DA:74,0
DA:76,0
DA:77,0
DA:80,0
DA:83,0
LF:30
LH:5
BRDA:22,0,0,0
BRDA:22,0,1,3
BRDA:36,1,0,0
BRDA:36,1,1,0
BRDA:46,2,0,0
BRDA:46,2,1,0
BRDA:71,3,0,0
BRDA:71,3,1,0
BRF:8
BRH:1
end_of_record
TN:
SF:src/data/dummyData.js
FNF:0
FNH:0
DA:1,0
LF:1
LH:0
BRF:0
BRH:0
end_of_record
TN:
SF:src/layout/RootLayout.jsx
FN:4,(anonymous_0)
FN:7,(anonymous_1)
FNF:2
FNH:0
FNDA:0,(anonymous_0)
FNDA:0,(anonymous_1)
DA:4,0
DA:5,0
DA:7,0
LF:3
LH:0
BRF:0
BRH:0
end_of_record
TN:
SF:src/layout/Sidebar.jsx
FN:7,(anonymous_0)
FNF:1
FNH:0
FNDA:0,(anonymous_0)
DA:7,0
DA:8,0
DA:10,0
DA:11,0
LF:4
LH:0
BRDA:25,0,0,0
BRDA:25,0,1,0
BRDA:39,1,0,0
BRDA:39,1,1,0
BRDA:50,2,0,0
BRDA:50,2,1,0
BRDA:61,3,0,0
BRDA:61,3,1,0
BRF:8
BRH:0
end_of_record
TN:
SF:src/pages/Home.tsx
FN:7,(anonymous_0)
FN:12,(anonymous_1)
FN:15,(anonymous_2)
FN:26,(anonymous_3)
FN:28,(anonymous_4)
FN:57,(anonymous_5)
FNF:6
FNH:6
FNDA:3,(anonymous_0)
FNDA:2,(anonymous_1)
FNDA:1,(anonymous_2)
FNDA:3,(anonymous_3)
FNDA:2,(anonymous_4)
FNDA:2,(anonymous_5)
DA:7,2
DA:8,3
DA:9,3
DA:10,3
DA:12,3
DA:13,2
DA:15,3
DA:16,1
DA:17,1
DA:18,1
DA:19,0
DA:20,1
DA:21,0
DA:22,1
DA:24,3
DA:26,3
DA:27,3
DA:28,1
DA:29,2
DA:30,2
DA:32,2
DA:35,1
DA:38,3
DA:57,2
LF:24
LH:22
BRDA:16,0,0,0
BRDA:16,0,1,1
BRDA:17,1,0,0
BRDA:17,1,1,1
BRDA:18,2,0,0
BRDA:18,2,1,1
BRDA:20,3,0,0
BRDA:20,3,1,1
BRDA:27,4,0,2
BRDA:27,4,1,1
BRDA:29,5,0,0
BRDA:29,5,1,2
BRDA:32,6,0,0
BRDA:32,6,1,2
BRDA:35,7,0,1
BRDA:35,7,1,0
BRDA:54,8,0,2
BRDA:54,8,1,1
BRF:18
BRH:11
end_of_record
TN:
SF:src/pages/Login.jsx
FN:6,(anonymous_0)
FN:13,(anonymous_1)
FN:20,(anonymous_2)
FNF:3
FNH:0
FNDA:0,(anonymous_0)
FNDA:0,(anonymous_1)
FNDA:0,(anonymous_2)
DA:6,0
DA:7,0
DA:8,0
DA:13,0
DA:14,0
DA:15,0
DA:20,0
DA:21,0
DA:22,0
DA:23,0
DA:25,0
DA:26,0
DA:38,0
DA:39,0
DA:40,0
DA:41,0
DA:42,0
DA:44,0
DA:45,0
DA:50,0
DA:52,0
DA:53,0
DA:56,0
LF:23
LH:0
BRDA:22,0,0,0
BRDA:22,0,1,0
BRDA:22,1,0,0
BRDA:22,1,1,0
BRDA:39,2,0,0
BRDA:39,2,1,0
BRDA:40,3,0,0
BRDA:40,3,1,0
BRDA:58,4,0,0
BRDA:58,4,1,0
BRF:10
BRH:0
end_of_record
TN:
SF:src/pages/Logout.jsx
FN:5,(anonymous_0)
FN:9,(anonymous_1)
FNF:2
FNH:0
FNDA:0,(anonymous_0)
FNDA:0,(anonymous_1)
DA:5,0
DA:6,0
DA:7,0
DA:9,0
DA:10,0
DA:11,0
DA:16,0
DA:17,0
DA:19,0
DA:20,0
DA:21,0
DA:22,0
DA:25,0
DA:26,0
DA:27,0
DA:29,0
DA:30,0
DA:34,0
LF:18
LH:0
BRDA:19,0,0,0
BRDA:19,0,1,0
BRDA:21,1,0,0
BRDA:21,1,1,0
BRF:4
BRH:0
end_of_record
TN:
SF:src/pages/Signup.jsx
FN:4,(anonymous_0)
FN:10,(anonymous_1)
FN:17,(anonymous_2)
FNF:3
FNH:0
FNDA:0,(anonymous_0)
FNDA:0,(anonymous_1)
FNDA:0,(anonymous_2)
DA:4,0
DA:5,0
DA:6,0
DA:10,0
DA:11,0
DA:12,0
DA:17,0
DA:18,0
DA:19,0
DA:20,0
DA:22,0
DA:23,0
DA:35,0
DA:37,0
DA:38,0
DA:39,0
DA:40,0
DA:42,0
DA:44,0
DA:49,0
DA:52,0
LF:21
LH:0
BRDA:19,0,0,0
BRDA:19,0,1,0
BRDA:19,1,0,0
BRDA:19,1,1,0
BRDA:37,2,0,0
BRDA:37,2,1,0
BRDA:38,3,0,0
BRDA:38,3,1,0
BRF:8
BRH:0
end_of_record
TN:
SF:src/utils/ProtectedRoutes.jsx
FN:5,(anonymous_0)
FNF:1
FNH:0
FNDA:0,(anonymous_0)
DA:5,0
DA:6,0
DA:7,0
LF:3
LH:0
BRDA:7,0,0,0
BRDA:7,0,1,0
BRF:2
BRH:0
end_of_record
